# JRE version: Java(TM) SE Runtime Environment (8.0_151-b12) (build 1.8.0_151-b12)
# Java VM: Java HotSpot(TM) 64-Bit Server VM (25.151-b12 mixed mode windows-amd64 compressed oops)
Heap:
 PSYoungGen      total 18944K, used 64K [0x00000000eb300000, 0x00000000ec800000, 0x0000000100000000)
  eden space 16384K, 0% used [0x00000000eb300000,0x00000000eb300000,0x00000000ec300000)
  from space 2560K, 2% used [0x00000000ec580000,0x00000000ec590000,0x00000000ec800000)
  to   space 2560K, 0% used [0x00000000ec300000,0x00000000ec300000,0x00000000ec580000)
 ParOldGen       total 35840K, used 2859K [0x00000000c1800000, 0x00000000c3b00000, 0x00000000eb300000)
  object space 35840K, 7% used [0x00000000c1800000,0x00000000c1acaee8,0x00000000c3b00000)
 Metaspace       used 11304K, capacity 11398K, committed 11520K, reserved 1067008K
  class space    used 1360K, capacity 1434K, committed 1536K, reserved 1048576K
GC Heap History (10 events):
Event: 10.503 GC heap before
{Heap before GC invocations=1 (full 0):
 PSYoungGen      total 18944K, used 16384K [0x00000000eb300000, 0x00000000ec800000, 0x0000000100000000)
  eden space 16384K, 100% used [0x00000000eb300000,0x00000000ec300000,0x00000000ec300000)
  from space 2560K, 0% used [0x00000000ec580000,0x00000000ec580000,0x00000000ec800000)
  to   space 2560K, 0% used [0x00000000ec300000,0x00000000ec300000,0x00000000ec580000)
 ParOldGen       total 44032K, used 0K [0x00000000c1800000, 0x00000000c4300000, 0x00000000eb300000)
  object space 44032K, 0% used [0x00000000c1800000,0x00000000c1800000,0x00000000c4300000)
 Metaspace       used 7353K, capacity 7424K, committed 7552K, reserved 1056768K
  class space    used 822K, capacity 856K, committed 896K, reserved 1048576K
Event: 10.516 GC heap after
Heap after GC invocations=1 (full 0):
 PSYoungGen      total 18944K, used 2552K [0x00000000eb300000, 0x00000000ec800000, 0x0000000100000000)
  eden space 16384K, 0% used [0x00000000eb300000,0x00000000eb300000,0x00000000ec300000)
  from space 2560K, 99% used [0x00000000ec300000,0x00000000ec57e2c8,0x00000000ec580000)
  to   space 2560K, 0% used [0x00000000ec580000,0x00000000ec580000,0x00000000ec800000)
 ParOldGen       total 44032K, used 325K [0x00000000c1800000, 0x00000000c4300000, 0x00000000eb300000)
  object space 44032K, 0% used [0x00000000c1800000,0x00000000c1851518,0x00000000c4300000)
 Metaspace       used 7353K, capacity 7424K, committed 7552K, reserved 1056768K
  class space    used 822K, capacity 856K, committed 896K, reserved 1048576K
}
Event: 13.062 GC heap before
{Heap before GC invocations=2 (full 0):
 PSYoungGen      total 18944K, used 16115K [0x00000000eb300000, 0x00000000ec800000, 0x0000000100000000)
  eden space 16384K, 82% used [0x00000000eb300000,0x00000000ec03e958,0x00000000ec300000)
  from space 2560K, 99% used [0x00000000ec300000,0x00000000ec57e2c8,0x00000000ec580000)
  to   space 2560K, 0% used [0x00000000ec580000,0x00000000ec580000,0x00000000ec800000)
 ParOldGen       total 44032K, used 325K [0x00000000c1800000, 0x00000000c4300000, 0x00000000eb300000)
  object space 44032K, 0% used [0x00000000c1800000,0x00000000c1851518,0x00000000c4300000)
 Metaspace       used 10412K, capacity 10534K, committed 10752K, reserved 1060864K
  class space    used 1229K, capacity 1274K, committed 1280K, reserved 1048576K
Event: 13.074 GC heap after
Heap after GC invocations=2 (full 0):
 PSYoungGen      total 18944K, used 2536K [0x00000000eb300000, 0x00000000ec800000, 0x0000000100000000)
  eden space 16384K, 0% used [0x00000000eb300000,0x00000000eb300000,0x00000000ec300000)
  from space 2560K, 99% used [0x00000000ec580000,0x00000000ec7fa020,0x00000000ec800000)
  to   space 2560K, 0% used [0x00000000ec300000,0x00000000ec300000,0x00000000ec580000)
 ParOldGen       total 44032K, used 1697K [0x00000000c1800000, 0x00000000c4300000, 0x00000000eb300000)
  object space 44032K, 3% used [0x00000000c1800000,0x00000000c19a8550,0x00000000c4300000)
 Metaspace       used 10412K, capacity 10534K, committed 10752K, reserved 1060864K
  class space    used 1229K, capacity 1274K, committed 1280K, reserved 1048576K
}
Event: 13.074 GC heap before
{Heap before GC invocations=3 (full 1):
 PSYoungGen      total 18944K, used 2536K [0x00000000eb300000, 0x00000000ec800000, 0x0000000100000000)
  eden space 16384K, 0% used [0x00000000eb300000,0x00000000eb300000,0x00000000ec300000)
  from space 2560K, 99% used [0x00000000ec580000,0x00000000ec7fa020,0x00000000ec800000)
  to   space 2560K, 0% used [0x00000000ec300000,0x00000000ec300000,0x00000000ec580000)
 ParOldGen       total 44032K, used 1697K [0x00000000c1800000, 0x00000000c4300000, 0x00000000eb300000)
  object space 44032K, 3% used [0x00000000c1800000,0x00000000c19a8550,0x00000000c4300000)
 Metaspace       used 10412K, capacity 10534K, committed 10752K, reserved 1060864K
  class space    used 1229K, capacity 1274K, committed 1280K, reserved 1048576K
Event: 13.232 GC heap after
Heap after GC invocations=3 (full 1):
 PSYoungGen      total 18944K, used 0K [0x00000000eb300000, 0x00000000ec800000, 0x0000000100000000)
  eden space 16384K, 0% used [0x00000000eb300000,0x00000000eb300000,0x00000000ec300000)
  from space 2560K, 0% used [0x00000000ec580000,0x00000000ec580000,0x00000000ec800000)
  to   space 2560K, 0% used [0x00000000ec300000,0x00000000ec300000,0x00000000ec580000)
 ParOldGen       total 35840K, used 3814K [0x00000000c1800000, 0x00000000c3b00000, 0x00000000eb300000)
  object space 35840K, 10% used [0x00000000c1800000,0x00000000c1bb9b38,0x00000000c3b00000)
 Metaspace       used 10412K, capacity 10534K, committed 10752K, reserved 1060864K
  class space    used 1229K, capacity 1274K, committed 1280K, reserved 1048576K
}
Event: 15.300 GC heap before
{Heap before GC invocations=4 (full 1):
 PSYoungGen      total 18944K, used 2122K [0x00000000eb300000, 0x00000000ec800000, 0x0000000100000000)
  eden space 16384K, 12% used [0x00000000eb300000,0x00000000eb512830,0x00000000ec300000)
  from space 2560K, 0% used [0x00000000ec580000,0x00000000ec580000,0x00000000ec800000)
  to   space 2560K, 0% used [0x00000000ec300000,0x00000000ec300000,0x00000000ec580000)
 ParOldGen       total 35840K, used 3814K [0x00000000c1800000, 0x00000000c3b00000, 0x00000000eb300000)
  object space 35840K, 10% used [0x00000000c1800000,0x00000000c1bb9b38,0x00000000c3b00000)
 Metaspace       used 11304K, capacity 11398K, committed 11520K, reserved 1064960K
  class space    used 1360K, capacity 1434K, committed 1536K, reserved 1048576K
Event: 15.313 GC heap after
Heap after GC invocations=4 (full 1):
 PSYoungGen      total 18944K, used 224K [0x00000000eb300000, 0x00000000ec800000, 0x0000000100000000)
  eden space 16384K, 0% used [0x00000000eb300000,0x00000000eb300000,0x00000000ec300000)
  from space 2560K, 8% used [0x00000000ec300000,0x00000000ec338010,0x00000000ec580000)
  to   space 2560K, 0% used [0x00000000ec580000,0x00000000ec580000,0x00000000ec800000)
 ParOldGen       total 35840K, used 3814K [0x00000000c1800000, 0x00000000c3b00000, 0x00000000eb300000)
  object space 35840K, 10% used [0x00000000c1800000,0x00000000c1bb9b38,0x00000000c3b00000)
 Metaspace       used 11304K, capacity 11398K, committed 11520K, reserved 1064960K
  class space    used 1360K, capacity 1434K, committed 1536K, reserved 1048576K
}
Event: 15.313 GC heap before
{Heap before GC invocations=5 (full 2):
 PSYoungGen      total 18944K, used 224K [0x00000000eb300000, 0x00000000ec800000, 0x0000000100000000)
  eden space 16384K, 0% used [0x00000000eb300000,0x00000000eb300000,0x00000000ec300000)
  from space 2560K, 8% used [0x00000000ec300000,0x00000000ec338010,0x00000000ec580000)
  to   space 2560K, 0% used [0x00000000ec580000,0x00000000ec580000,0x00000000ec800000)
 ParOldGen       total 35840K, used 3814K [0x00000000c1800000, 0x00000000c3b00000, 0x00000000eb300000)
  object space 35840K, 10% used [0x00000000c1800000,0x00000000c1bb9b38,0x00000000c3b00000)
 Metaspace       used 11304K, capacity 11398K, committed 11520K, reserved 1064960K
  class space    used 1360K, capacity 1434K, committed 1536K, reserved 1048576K
Event: 15.352 GC heap after
Heap after GC invocations=5 (full 2):
 PSYoungGen      total 18944K, used 0K [0x00000000eb300000, 0x00000000ec800000, 0x0000000100000000)
  eden space 16384K, 0% used [0x00000000eb300000,0x00000000eb300000,0x00000000ec300000)
  from space 2560K, 0% used [0x00000000ec300000,0x00000000ec300000,0x00000000ec580000)
  to   space 2560K, 0% used [0x00000000ec580000,0x00000000ec580000,0x00000000ec800000)
 ParOldGen       total 35840K, used 2859K [0x00000000c1800000, 0x00000000c3b00000, 0x00000000eb300000)
  object space 35840K, 7% used [0x00000000c1800000,0x00000000c1acaee8,0x00000000c3b00000)
 Metaspace       used 11304K, capacity 11398K, committed 11520K, reserved 1062912K
  class space    used 1360K, capacity 1434K, committed 1536K, reserved 1048576K
}

